<?xml version="1.0" encoding="UTF-8"?>
<coverage generated="1770533259358" clover="3.2.0">
  <project timestamp="1770533259358" name="All files">
    <metrics statements="5" coveredstatements="5" conditionals="0" coveredconditionals="0" methods="4" coveredmethods="4" elements="9" coveredelements="9" complexity="0" loc="5" ncloc="5" packages="1" files="2" classes="2"/>
    <file name="App.jsx" path="D:\NOTES\YEAR 3\DevOps\practicals\group work jest react testing\react-jest\src\App.jsx">
      <metrics statements="1" coveredstatements="1" conditionals="0" coveredconditionals="0" methods="1" coveredmethods="1"/>
      <line num="4" count="3" type="stmt"/>
    </file>
    <file name="Counter.jsx" path="D:\NOTES\YEAR 3\DevOps\practicals\group work jest react testing\react-jest\src\Counter.jsx">
      <metrics statements="4" coveredstatements="4" conditionals="0" coveredconditionals="0" methods="3" coveredmethods="3"/>
      <line num="4" count="16" type="stmt"/>
      <line num="6" count="16" type="stmt"/>
      <line num="9" count="6" type="stmt"/>
      <line num="10" count="2" type="stmt"/>
    </file>
  </project>
</coverage>
