{"D:\\NOTES\\YEAR 3\\DevOps\\practicals\\group work jest react testing\\react-jest\\src\\App.jsx": {"path":"D:\\NOTES\\YEAR 3\\DevOps\\practicals\\group work jest react testing\\react-jest\\src\\App.jsx","statementMap":{"0":{"start":{"line":4,"column":2},"end":{"line":9,"column":4}}},"fnMap":{"0":{"name":"App","decl":{"start":{"line":3,"column":24},"end":{"line":3,"column":27}},"loc":{"start":{"line":3,"column":30},"end":{"line":10,"column":1}},"line":3}},"branchMap":{},"s":{"0":3},"f":{"0":3},"b":{},"_coverageSchema":"1a1c01bbd47fc00a2c39e90264f33305004495a9","hash":"b6a31366481f7e037fa1a8318c9b787005cc88ad"}
,"D:\\NOTES\\YEAR 3\\DevOps\\practicals\\group work jest react testing\\react-jest\\src\\Counter.jsx": {"path":"D:\\NOTES\\YEAR 3\\DevOps\\practicals\\group work jest react testing\\react-jest\\src\\Counter.jsx","statementMap":{"0":{"start":{"line":4,"column":28},"end":{"line":4,"column":39}},"1":{"start":{"line":6,"column":2},"end":{"line":12,"column":4}},"2":{"start":{"line":9,"column":29},"end":{"line":9,"column":48}},"3":{"start":{"line":10,"column":29},"end":{"line":10,"column":48}}},"fnMap":{"0":{"name":"Counter","decl":{"start":{"line":3,"column":24},"end":{"line":3,"column":31}},"loc":{"start":{"line":3,"column":34},"end":{"line":13,"column":1}},"line":3},"1":{"name":"(anonymous_1)","decl":{"start":{"line":9,"column":23},"end":{"line":9,"column":24}},"loc":{"start":{"line":9,"column":29},"end":{"line":9,"column":48}},"line":9},"2":{"name":"(anonymous_2)","decl":{"start":{"line":10,"column":23},"end":{"line":10,"column":24}},"loc":{"start":{"line":10,"column":29},"end":{"line":10,"column":48}},"line":10}},"branchMap":{},"s":{"0":16,"1":16,"2":6,"3":2},"f":{"0":16,"1":6,"2":2},"b":{},"_coverageSchema":"1a1c01bbd47fc00a2c39e90264f33305004495a9","hash":"108419e5f37822794b8a04a2297d65f0642f21ff"}
}
